<?xml version="1.0" encoding="UTF-8"?>
<!-- Generated by org.testng.reporters.JUnitReportReporter -->
<testsuite hostname="Sriram" failures="0" tests="10" name="com.EBanking.Master.ExePomDP" time="14.220" errors="0" timestamp="2020-09-05T23:17:21 IST" skipped="0">
  <testcase classname="com.EBanking.Master.ExePomDP" name="Login" time="0.500"/>
  <system-out/>
  <testcase classname="com.EBanking.Master.ExePomDP" name="AdminB" time="2.073"/>
  <system-out/>
  <testcase classname="com.EBanking.Master.ExePomDP" name="AdminB" time="1.948"/>
  <system-out/>
  <testcase classname="com.EBanking.Master.ExePomDP" name="AdminB" time="1.770"/>
  <system-out/>
  <testcase classname="com.EBanking.Master.ExePomDP" name="AdminR" time="0.937"/>
  <system-out/>
  <testcase classname="com.EBanking.Master.ExePomDP" name="AdminR" time="0.972"/>
  <system-out/>
  <testcase classname="com.EBanking.Master.ExePomDP" name="AdminR" time="1.047"/>
  <system-out/>
  <testcase classname="com.EBanking.Master.ExePomDP" name="AdminE" time="1.707"/>
  <system-out/>
  <testcase classname="com.EBanking.Master.ExePomDP" name="AdminE" time="1.634"/>
  <system-out/>
  <testcase classname="com.EBanking.Master.ExePomDP" name="AdminE" time="1.632"/>
  <system-out/>
</testsuite> <!-- com.EBanking.Master.ExePomDP -->
