<?xml version="1.0" encoding="UTF-8"?>
<!-- Generated by org.testng.reporters.JUnitReportReporter -->
<testsuite hostname="Sriram" failures="0" tests="4" name="com.EBanking.Master.ExePomMetArg" time="6.886" errors="0" timestamp="2020-09-05T18:31:12 IST" skipped="0">
  <testcase classname="com.EBanking.Master.ExePomMetArg" name="Login" time="1.440"/>
  <system-out/>
  <testcase classname="com.EBanking.Master.ExePomMetArg" name="AdminB" time="1.931"/>
  <system-out/>
  <testcase classname="com.EBanking.Master.ExePomMetArg" name="AdminR" time="1.048"/>
  <system-out/>
  <testcase classname="com.EBanking.Master.ExePomMetArg" name="AdminE" time="2.467"/>
  <system-out/>
</testsuite> <!-- com.EBanking.Master.ExePomMetArg -->
