<?xml version="1.0" encoding="UTF-8"?>
<!-- Generated by org.testng.reporters.JUnitReportReporter -->
<testsuite hostname="Sriram" failures="0" tests="3" name="com.EBanking.Master.BraCreaDP" time="14.282" errors="0" timestamp="2020-09-01T23:41:18 IST" skipped="0">
  <testcase classname="com.EBanking.Master.BraCreaDP" name="Bra" time="4.961"/>
  <system-out/>
  <testcase classname="com.EBanking.Master.BraCreaDP" name="Bra" time="4.767"/>
  <system-out/>
  <testcase classname="com.EBanking.Master.BraCreaDP" name="Bra" time="4.554"/>
  <system-out/>
</testsuite> <!-- com.EBanking.Master.BraCreaDP -->
