<?xml version="1.0" encoding="UTF-8"?>
<!-- Generated by org.testng.reporters.JUnitReportReporter -->
<testsuite hostname="Sriram" failures="0" tests="3" name="com.EBanking.Master.EmpCreDP" time="21.603" errors="0" timestamp="2020-09-01T23:41:18 IST" skipped="0">
  <testcase classname="com.EBanking.Master.EmpCreDP" name="EmpCre" time="5.335"/>
  <system-out/>
  <testcase classname="com.EBanking.Master.EmpCreDP" name="EmpCre" time="9.918"/>
  <system-out/>
  <testcase classname="com.EBanking.Master.EmpCreDP" name="EmpCre" time="6.350"/>
  <system-out/>
</testsuite> <!-- com.EBanking.Master.EmpCreDP -->
