<?xml version="1.0" encoding="UTF-8"?>
<!-- Generated by org.testng.reporters.JUnitReportReporter -->
<testsuite hostname="Sriram" failures="0" tests="1" name="com.EBanking.Master.ExePom" time="14.506" errors="0" timestamp="2020-09-03T23:40:26 IST" skipped="0">
  <testcase classname="com.EBanking.Master.ExePom" name="pom" time="14.506"/>
  <system-out/>
</testsuite> <!-- com.EBanking.Master.ExePom -->
