<?xml version="1.0" encoding="UTF-8"?>
<!-- Generated by org.testng.reporters.JUnitReportReporter -->
<testsuite hostname="Sriram" failures="0" tests="1" name="com.EBanking.Master.RoleNG" time="1.506" errors="0" timestamp="2020-09-01T23:18:41 IST" skipped="0">
  <testcase classname="com.EBanking.Master.RoleNG" name="RoleCre" time="1.506"/>
  <system-out/>
</testsuite> <!-- com.EBanking.Master.RoleNG -->
