<?xml version="1.0" encoding="UTF-8"?>
<!-- Generated by org.testng.reporters.JUnitReportReporter -->
<testsuite hostname="Sriram" failures="0" tests="4" name="com.EBanking.Master.ExePomMethods" time="5.576" errors="0" timestamp="2020-09-05T16:15:29 IST" skipped="0">
  <testcase classname="com.EBanking.Master.ExePomMethods" name="Login" time="0.963"/>
  <system-out/>
  <testcase classname="com.EBanking.Master.ExePomMethods" name="AdminB" time="1.796"/>
  <system-out/>
  <testcase classname="com.EBanking.Master.ExePomMethods" name="AdminR" time="1.120"/>
  <system-out/>
  <testcase classname="com.EBanking.Master.ExePomMethods" name="AdminE" time="1.697"/>
  <system-out/>
</testsuite> <!-- com.EBanking.Master.ExePomMethods -->
